  main.cpp
C:\Users\siraz\Desktop\bmstu\3_course\AA\lab_4\lab4\lab4\main.cpp(207,88): warning C4244: =: преобразование "_Rep" в "double", возможна потеря данных
          with
          [
              _Rep=__int64
          ]
C:\Users\siraz\Desktop\bmstu\3_course\AA\lab_4\lab4\lab4\main.cpp(330): message : выполняется компиляция ссылки на экземпляр шаблон функции "void time_analysis<int>(void)"
C:\Users\siraz\Desktop\bmstu\3_course\AA\lab_4\lab4\lab4\main.cpp(221,88): warning C4244: =: преобразование "_Rep" в "double", возможна потеря данных
          with
          [
              _Rep=__int64
          ]
C:\Users\siraz\Desktop\bmstu\3_course\AA\lab_4\lab4\lab4\main.cpp(235,88): warning C4244: =: преобразование "_Rep" в "double", возможна потеря данных
          with
          [
              _Rep=__int64
          ]
C:\Users\siraz\Desktop\bmstu\3_course\AA\lab_4\lab4\lab4\main.cpp(249,88): warning C4244: =: преобразование "_Rep" в "double", возможна потеря данных
          with
          [
              _Rep=__int64
          ]
C:\Users\siraz\Desktop\bmstu\3_course\AA\lab_4\lab4\lab4\main.cpp(263,88): warning C4244: =: преобразование "_Rep" в "double", возможна потеря данных
          with
          [
              _Rep=__int64
          ]
C:\Users\siraz\Desktop\bmstu\3_course\AA\lab_4\lab4\lab4\main.cpp(277,88): warning C4244: =: преобразование "_Rep" в "double", возможна потеря данных
          with
          [
              _Rep=__int64
          ]
C:\Users\siraz\Desktop\bmstu\3_course\AA\lab_4\lab4\lab4\main.cpp(291,88): warning C4244: =: преобразование "_Rep" в "double", возможна потеря данных
          with
          [
              _Rep=__int64
          ]
C:\Users\siraz\Desktop\bmstu\3_course\AA\lab_4\lab4\lab4\main.cpp(305,88): warning C4244: =: преобразование "_Rep" в "double", возможна потеря данных
          with
          [
              _Rep=__int64
          ]
  lab4.vcxproj -> C:\Users\siraz\Desktop\bmstu\3_course\AA\lab_4\lab4\Debug\lab4.exe
