  main.cpp
C:\Users\siraz\Desktop\bmstu\3_course\AA\lab_6\lab6\main.cpp(182,21): warning C4018: <: несоответствие типов со знаком и без знака
C:\Users\siraz\Desktop\bmstu\3_course\AA\lab_6\lab6\main.cpp(211,20): warning C4018: <: несоответствие типов со знаком и без знака
C:\Users\siraz\Desktop\bmstu\3_course\AA\lab_6\lab6\main.cpp(214,21): warning C4018: <: несоответствие типов со знаком и без знака
C:\Users\siraz\Desktop\bmstu\3_course\AA\lab_6\lab6\main.cpp(217,22): warning C4018: <: несоответствие типов со знаком и без знака
C:\Users\siraz\Desktop\bmstu\3_course\AA\lab_6\lab6\main.cpp(228,20): warning C4018: <: несоответствие типов со знаком и без знака
C:\Users\siraz\Desktop\bmstu\3_course\AA\lab_6\lab6\main.cpp(230,21): warning C4018: <: несоответствие типов со знаком и без знака
C:\Users\siraz\Desktop\bmstu\3_course\AA\lab_6\lab6\main.cpp(235,20): warning C4018: <: несоответствие типов со знаком и без знака
C:\Users\siraz\Desktop\bmstu\3_course\AA\lab_6\lab6\main.cpp(238,21): warning C4018: <: несоответствие типов со знаком и без знака
C:\Users\siraz\Desktop\bmstu\3_course\AA\lab_6\lab6\main.cpp(306,20): warning C4018: <: несоответствие типов со знаком и без знака
C:\Users\siraz\Desktop\bmstu\3_course\AA\lab_6\lab6\main.cpp(315,20): warning C4018: <: несоответствие типов со знаком и без знака
C:\Users\siraz\Desktop\bmstu\3_course\AA\lab_6\lab6\main.cpp(341,20): warning C4018: <: несоответствие типов со знаком и без знака
C:\Users\siraz\Desktop\bmstu\3_course\AA\lab_6\lab6\main.cpp(348,24): warning C4018: <: несоответствие типов со знаком и без знака
C:\Users\siraz\Desktop\bmstu\3_course\AA\lab_6\lab6\main.cpp(370,10): warning C4018: <: несоответствие типов со знаком и без знака
C:\Users\siraz\Desktop\bmstu\3_course\AA\lab_6\lab6\main.cpp(453,20): warning C4018: <: несоответствие типов со знаком и без знака
C:\Users\siraz\Desktop\bmstu\3_course\AA\lab_6\lab6\main.cpp(470,20): warning C4018: <: несоответствие типов со знаком и без знака
C:\Users\siraz\Desktop\bmstu\3_course\AA\lab_6\lab6\main.cpp(475,21): warning C4018: <: несоответствие типов со знаком и без знака
C:\Users\siraz\Desktop\bmstu\3_course\AA\lab_6\lab6\main.cpp(497,20): warning C4018: <: несоответствие типов со знаком и без знака
C:\Users\siraz\Desktop\bmstu\3_course\AA\lab_6\lab6\main.cpp(521,12): warning C4244: аргумент: преобразование "time_t" в "unsigned int", возможна потеря данных
C:\Users\siraz\Desktop\bmstu\3_course\AA\lab_6\lab6\main.cpp(533,20): warning C4018: <: несоответствие типов со знаком и без знака
C:\Users\siraz\Desktop\bmstu\3_course\AA\lab_6\lab6\main.cpp(536,21): warning C4018: <: несоответствие типов со знаком и без знака
C:\Users\siraz\Desktop\bmstu\3_course\AA\lab_6\lab6\main.cpp(544,20): warning C4018: <: несоответствие типов со знаком и без знака
C:\Users\siraz\Desktop\bmstu\3_course\AA\lab_6\lab6\main.cpp(363): warning C4715: Ant::get_next_city: значение возвращается не при всех путях выполнения
  lab6.vcxproj -> C:\Users\siraz\Desktop\bmstu\3_course\AA\lab_6\lab6\Debug\lab6.exe
